<?xml version="1.0" encoding="UTF-8"?>
<!-- Generated by org.testng.reporters.JUnitXMLReporter -->
<testsuite hostname="ADCUMDLBB7FT3" ignored="0" name="Car Loan" tests="9" failures="0" timestamp="2019-10-11T19:50:02 PDT" time="0.103" errors="0">
  <testcase name="Demo" time="0.015" classname="Test.day1"/>
  <testcase name="SecondDemo" time="0.0" classname="Test.day1"/>
  <testcase name="PersonalLoan" time="0.0" classname="Test.day2"/>
  <testcase name="LoginAPICarLoan" time="0.0" classname="Test.day3"/>
  <testcase name="MobileLoginCarLoan" time="0.0" classname="Test.day3"/>
  <testcase name="WebLoginCarLoan" time="0.016" classname="Test.day3"/>
  <testcase name="LoginAPIHomeLoan" time="0.0" classname="Test.day4"/>
  <testcase name="MobileLoginHomeLoan" time="0.0" classname="Test.day4"/>
  <testcase name="WebLoginHomeLoan" time="0.0" classname="Test.day4"/>
</testsuite> <!-- Car Loan -->
