<?xml version="1.0" encoding="UTF-8"?>
<!-- Generated by org.testng.reporters.JUnitXMLReporter -->
<testsuite hostname="ADCUMDLBB7FT3" ignored="0" name="Default test" tests="3" failures="0" timestamp="2019-10-12T13:19:23 PDT" time="0.095" errors="0">
  <testcase name="ParametersTesting" time="0.017" classname="Test.day7"/>
  <testcase name="ParametersTesting" time="0.003" classname="Test.day7"/>
  <testcase name="ParametersTesting" time="0.004" classname="Test.day7"/>
</testsuite> <!-- Default test -->
