<?xml version="1.0" encoding="UTF-8"?>
<!-- Generated by org.testng.reporters.JUnitXMLReporter -->
<testsuite hostname="ADCUMDLBB7FT3" ignored="1" name="Car Loan" tests="5" failures="1" timestamp="2019-10-12T14:01:33 PDT" time="0.167" errors="0">
  <testcase name="LoginAPICarLoan" time="0.018" classname="Test.day3"/>
  <testcase name="Demo" time="0.031" classname="Test.day1">
    <failure type="java.lang.AssertionError" message="did not expect to find [true] but found [false]">
      <![CDATA[java.lang.AssertionError: did not expect to find [true] but found [false]
at Test.day1.Demo(day1.java:19)
at java.util.ArrayList.forEach(Unknown Source)
at java.util.concurrent.FutureTask.run(Unknown Source)
at java.util.concurrent.ThreadPoolExecutor.runWorker(Unknown Source)
at java.util.concurrent.ThreadPoolExecutor$Worker.run(Unknown Source)
at java.lang.Thread.run(Unknown Source)
... Removed 22 stack frames]]>
    </failure>
  </testcase> <!-- Demo -->
  <testcase name="WebLoginCarLoan" time="0.016" classname="Test.day3"/>
  <testcase name="SecondDemo" time="0.023" classname="Test.day1"/>
  <testcase name="PersonalLoan" time="0.005" classname="Test.day2"/>
  <testcase name="MobileLoginCarLoan" time="0.0" classname="Test.day3">
    <ignored/>
  </testcase> <!-- MobileLoginCarLoan -->
</testsuite> <!-- Car Loan -->
