<?xml version="1.0" encoding="UTF-8"?>
<!-- Generated by org.testng.reporters.JUnitXMLReporter -->
<testsuite hostname="ADCUMDLBB7FT3" ignored="0" name="dataProviderTest" tests="3" failures="0" timestamp="2019-10-12T13:19:53 PDT" time="0.092" errors="0">
  <testcase name="ParametersTesting" time="0.016" classname="Test.day7"/>
  <testcase name="ParametersTesting" time="0.0" classname="Test.day7"/>
  <testcase name="ParametersTesting" time="0.0" classname="Test.day7"/>
</testsuite> <!-- dataProviderTest -->
