<?xml version="1.0" encoding="UTF-8"?>
<!-- Generated by org.testng.reporters.JUnitXMLReporter -->
<testsuite hostname="ADCUMDLBB7FT3" ignored="5" name="SmokeTest" tests="4" failures="1" timestamp="2019-10-12T13:57:33 PDT" time="0.082" errors="0">
  <testcase name="Demo" time="0.019" classname="Test.day1">
    <failure type="java.lang.AssertionError" message="did not expect to find [true] but found [false]">
      <![CDATA[java.lang.AssertionError: did not expect to find [true] but found [false]
at Test.day1.Demo(day1.java:19)
at java.util.ArrayList.forEach(Unknown Source)
... Removed 31 stack frames]]>
    </failure>
  </testcase> <!-- Demo -->
  <testcase name="PersonalLoan" time="0.002" classname="Test.day2"/>
  <testcase name="WebLoginCarLoan" time="0.003" classname="Test.day3"/>
  <testcase name="WebLoginHomeLoan" time="0.002" classname="Test.day4"/>
  <testcase name="LoginAPIHomeLoan" time="0.0" classname="Test.day4">
    <ignored/>
  </testcase> <!-- LoginAPIHomeLoan -->
  <testcase name="MobileLoginHomeLoan" time="0.0" classname="Test.day4">
    <ignored/>
  </testcase> <!-- MobileLoginHomeLoan -->
  <testcase name="MobileLoginCarLoan" time="0.0" classname="Test.day3">
    <ignored/>
  </testcase> <!-- MobileLoginCarLoan -->
  <testcase name="LoginAPICarLoan" time="0.0" classname="Test.day3">
    <ignored/>
  </testcase> <!-- LoginAPICarLoan -->
  <testcase name="SecondDemo" time="0.0" classname="Test.day1">
    <ignored/>
  </testcase> <!-- SecondDemo -->
</testsuite> <!-- SmokeTest -->
